<?xml version="1.0" encoding="UTF-8"?>
<coverage generated="1699963555765" clover="3.2.0">
  <project timestamp="1699963555765" name="All files">
    <metrics statements="23" coveredstatements="14" conditionals="7" coveredconditionals="3" methods="3" coveredmethods="1" elements="33" coveredelements="18" complexity="0" loc="23" ncloc="23" packages="3" files="3" classes="3"/>
    <package name="controllers.users">
      <metrics statements="16" coveredstatements="12" conditionals="6" coveredconditionals="3" methods="1" coveredmethods="1"/>
      <file name="loginUser.js" path="/Users/kinga/Documents/GOIT/github/Node/nodejs-project/controllers/users/loginUser.js">
        <metrics statements="16" coveredstatements="12" conditionals="6" coveredconditionals="3" methods="1" coveredmethods="1"/>
        <line num="10" count="1" type="stmt"/>
        <line num="11" count="1" type="stmt"/>
        <line num="12" count="1" type="stmt"/>
        <line num="13" count="1" type="cond" truecount="1" falsecount="1"/>
        <line num="14" count="0" type="stmt"/>
        <line num="17" count="1" type="stmt"/>
        <line num="18" count="1" type="stmt"/>
        <line num="19" count="1" type="cond" truecount="1" falsecount="1"/>
        <line num="20" count="0" type="stmt"/>
        <line num="22" count="1" type="stmt"/>
        <line num="24" count="1" type="cond" truecount="1" falsecount="1"/>
        <line num="25" count="0" type="stmt"/>
        <line num="28" count="1" type="stmt"/>
        <line num="32" count="1" type="stmt"/>
        <line num="34" count="1" type="stmt"/>
        <line num="43" count="0" type="stmt"/>
      </file>
    </package>
    <package name="middlewares">
      <metrics statements="6" coveredstatements="1" conditionals="1" coveredconditionals="0" methods="2" coveredmethods="0"/>
      <file name="errorHandler.js" path="/Users/kinga/Documents/GOIT/github/Node/nodejs-project/middlewares/errorHandler.js">
        <metrics statements="6" coveredstatements="1" conditionals="1" coveredconditionals="0" methods="2" coveredmethods="0"/>
        <line num="3" count="0" type="stmt"/>
        <line num="4" count="0" type="stmt"/>
        <line num="5" count="0" type="stmt"/>
        <line num="9" count="1" type="stmt"/>
        <line num="11" count="0" type="cond" truecount="0" falsecount="1"/>
        <line num="12" count="0" type="stmt"/>
      </file>
    </package>
    <package name="validators">
      <metrics statements="1" coveredstatements="1" conditionals="0" coveredconditionals="0" methods="0" coveredmethods="0"/>
      <file name="userSchema.js" path="/Users/kinga/Documents/GOIT/github/Node/nodejs-project/validators/userSchema.js">
        <metrics statements="1" coveredstatements="1" conditionals="0" coveredconditionals="0" methods="0" coveredmethods="0"/>
        <line num="3" count="1" type="stmt"/>
      </file>
    </package>
  </project>
</coverage>
