<?xml version="1.0" encoding="UTF-8"?>
<coverage generated="1699968866670" clover="3.2.0">
  <project timestamp="1699968866670" name="All files">
    <metrics statements="32" coveredstatements="22" conditionals="9" coveredconditionals="5" methods="4" coveredmethods="2" elements="45" coveredelements="29" complexity="0" loc="32" ncloc="32" packages="3" files="4" classes="4"/>
    <package name="controllers.users">
      <metrics statements="25" coveredstatements="20" conditionals="8" coveredconditionals="5" methods="2" coveredmethods="2"/>
      <file name="loginUser.js" path="/Users/kinga/Documents/GOIT/github/Node/nodejs-project/controllers/users/loginUser.js">
        <metrics statements="16" coveredstatements="12" conditionals="6" coveredconditionals="3" methods="1" coveredmethods="1"/>
        <line num="10" count="1" type="stmt"/>
        <line num="11" count="1" type="stmt"/>
        <line num="12" count="1" type="stmt"/>
        <line num="13" count="1" type="cond" truecount="1" falsecount="1"/>
        <line num="14" count="0" type="stmt"/>
        <line num="17" count="1" type="stmt"/>
        <line num="18" count="1" type="stmt"/>
        <line num="19" count="1" type="cond" truecount="1" falsecount="1"/>
        <line num="20" count="0" type="stmt"/>
        <line num="22" count="1" type="stmt"/>
        <line num="24" count="1" type="cond" truecount="1" falsecount="1"/>
        <line num="25" count="0" type="stmt"/>
        <line num="28" count="1" type="stmt"/>
        <line num="32" count="1" type="stmt"/>
        <line num="34" count="1" type="stmt"/>
        <line num="43" count="0" type="stmt"/>
      </file>
      <file name="registerUser.js" path="/Users/kinga/Documents/GOIT/github/Node/nodejs-project/controllers/users/registerUser.js">
        <metrics statements="9" coveredstatements="8" conditionals="2" coveredconditionals="2" methods="1" coveredmethods="1"/>
        <line num="6" count="1" type="stmt"/>
        <line num="7" count="2" type="stmt"/>
        <line num="8" count="2" type="stmt"/>
        <line num="10" count="2" type="stmt"/>
        <line num="12" count="2" type="cond" truecount="2" falsecount="0"/>
        <line num="13" count="1" type="stmt"/>
        <line num="16" count="1" type="stmt"/>
        <line num="17" count="1" type="stmt"/>
        <line num="25" count="0" type="stmt"/>
      </file>
    </package>
    <package name="middlewares">
      <metrics statements="6" coveredstatements="1" conditionals="1" coveredconditionals="0" methods="2" coveredmethods="0"/>
      <file name="errorHandler.js" path="/Users/kinga/Documents/GOIT/github/Node/nodejs-project/middlewares/errorHandler.js">
        <metrics statements="6" coveredstatements="1" conditionals="1" coveredconditionals="0" methods="2" coveredmethods="0"/>
        <line num="3" count="0" type="stmt"/>
        <line num="4" count="0" type="stmt"/>
        <line num="5" count="0" type="stmt"/>
        <line num="9" count="1" type="stmt"/>
        <line num="11" count="0" type="cond" truecount="0" falsecount="1"/>
        <line num="12" count="0" type="stmt"/>
      </file>
    </package>
    <package name="validators">
      <metrics statements="1" coveredstatements="1" conditionals="0" coveredconditionals="0" methods="0" coveredmethods="0"/>
      <file name="userSchema.js" path="/Users/kinga/Documents/GOIT/github/Node/nodejs-project/validators/userSchema.js">
        <metrics statements="1" coveredstatements="1" conditionals="0" coveredconditionals="0" methods="0" coveredmethods="0"/>
        <line num="3" count="1" type="stmt"/>
      </file>
    </package>
  </project>
</coverage>
