{"/Users/kinga/Documents/GOIT/github/Node/nodejs-project/controllers/users/loginUser.js": {"path":"/Users/kinga/Documents/GOIT/github/Node/nodejs-project/controllers/users/loginUser.js","statementMap":{"0":{"start":{"line":10,"column":25},"end":{"line":45,"column":1}},"1":{"start":{"line":11,"column":2},"end":{"line":44,"column":3}},"2":{"start":{"line":12,"column":22},"end":{"line":12,"column":51}},"3":{"start":{"line":13,"column":4},"end":{"line":15,"column":5}},"4":{"start":{"line":14,"column":6},"end":{"line":14,"column":54}},"5":{"start":{"line":17,"column":32},"end":{"line":17,"column":40}},"6":{"start":{"line":18,"column":17},"end":{"line":18,"column":45}},"7":{"start":{"line":19,"column":4},"end":{"line":21,"column":5}},"8":{"start":{"line":20,"column":6},"end":{"line":20,"column":64}},"9":{"start":{"line":22,"column":20},"end":{"line":22,"column":65}},"10":{"start":{"line":24,"column":4},"end":{"line":26,"column":5}},"11":{"start":{"line":25,"column":6},"end":{"line":25,"column":64}},"12":{"start":{"line":28,"column":18},"end":{"line":30,"column":6}},"13":{"start":{"line":32,"column":4},"end":{"line":32,"column":39}},"14":{"start":{"line":34,"column":4},"end":{"line":41,"column":7}},"15":{"start":{"line":43,"column":4},"end":{"line":43,"column":16}}},"fnMap":{"0":{"name":"(anonymous_0)","decl":{"start":{"line":10,"column":25},"end":{"line":10,"column":26}},"loc":{"start":{"line":10,"column":51},"end":{"line":45,"column":1}},"line":10}},"branchMap":{"0":{"loc":{"start":{"line":13,"column":4},"end":{"line":15,"column":5}},"type":"if","locations":[{"start":{"line":13,"column":4},"end":{"line":15,"column":5}},{"start":{},"end":{}}],"line":13},"1":{"loc":{"start":{"line":19,"column":4},"end":{"line":21,"column":5}},"type":"if","locations":[{"start":{"line":19,"column":4},"end":{"line":21,"column":5}},{"start":{},"end":{}}],"line":19},"2":{"loc":{"start":{"line":24,"column":4},"end":{"line":26,"column":5}},"type":"if","locations":[{"start":{"line":24,"column":4},"end":{"line":26,"column":5}},{"start":{},"end":{}}],"line":24}},"s":{"0":1,"1":3,"2":3,"3":3,"4":0,"5":3,"6":3,"7":2,"8":1,"9":1,"10":1,"11":0,"12":1,"13":1,"14":1,"15":2},"f":{"0":3},"b":{"0":[0,3],"1":[1,1],"2":[0,1]},"_coverageSchema":"1a1c01bbd47fc00a2c39e90264f33305004495a9","hash":"f58f7904e1267392c81d815267a72a21256d7b02"}
,"/Users/kinga/Documents/GOIT/github/Node/nodejs-project/controllers/users/registerUser.js": {"path":"/Users/kinga/Documents/GOIT/github/Node/nodejs-project/controllers/users/registerUser.js","statementMap":{"0":{"start":{"line":6,"column":28},"end":{"line":27,"column":1}},"1":{"start":{"line":7,"column":2},"end":{"line":26,"column":3}},"2":{"start":{"line":8,"column":32},"end":{"line":8,"column":40}},"3":{"start":{"line":10,"column":25},"end":{"line":10,"column":53}},"4":{"start":{"line":12,"column":4},"end":{"line":14,"column":5}},"5":{"start":{"line":13,"column":6},"end":{"line":13,"column":63}},"6":{"start":{"line":16,"column":20},"end":{"line":16,"column":57}},"7":{"start":{"line":17,"column":4},"end":{"line":23,"column":7}},"8":{"start":{"line":25,"column":4},"end":{"line":25,"column":16}}},"fnMap":{"0":{"name":"(anonymous_0)","decl":{"start":{"line":6,"column":28},"end":{"line":6,"column":29}},"loc":{"start":{"line":6,"column":54},"end":{"line":27,"column":1}},"line":6}},"branchMap":{"0":{"loc":{"start":{"line":12,"column":4},"end":{"line":14,"column":5}},"type":"if","locations":[{"start":{"line":12,"column":4},"end":{"line":14,"column":5}},{"start":{},"end":{}}],"line":12}},"s":{"0":1,"1":3,"2":3,"3":3,"4":2,"5":1,"6":1,"7":1,"8":1},"f":{"0":3},"b":{"0":[1,1]},"_coverageSchema":"1a1c01bbd47fc00a2c39e90264f33305004495a9","hash":"1c437b7a4de7e78ccbc417e8fd781f93fa138975"}
,"/Users/kinga/Documents/GOIT/github/Node/nodejs-project/middlewares/errorHandler.js": {"path":"/Users/kinga/Documents/GOIT/github/Node/nodejs-project/middlewares/errorHandler.js","statementMap":{"0":{"start":{"line":3,"column":4},"end":{"line":3,"column":12}},"1":{"start":{"line":4,"column":4},"end":{"line":4,"column":33}},"2":{"start":{"line":5,"column":4},"end":{"line":5,"column":27}},"3":{"start":{"line":9,"column":20},"end":{"line":17,"column":1}},"4":{"start":{"line":11,"column":40},"end":{"line":11,"column":43}},"5":{"start":{"line":12,"column":2},"end":{"line":16,"column":5}}},"fnMap":{"0":{"name":"(anonymous_0)","decl":{"start":{"line":2,"column":2},"end":{"line":2,"column":3}},"loc":{"start":{"line":2,"column":35},"end":{"line":6,"column":3}},"line":2},"1":{"name":"(anonymous_1)","decl":{"start":{"line":9,"column":20},"end":{"line":9,"column":21}},"loc":{"start":{"line":9,"column":50},"end":{"line":17,"column":1}},"line":9}},"branchMap":{"0":{"loc":{"start":{"line":11,"column":10},"end":{"line":11,"column":26}},"type":"default-arg","locations":[{"start":{"line":11,"column":23},"end":{"line":11,"column":26}}],"line":11}},"s":{"0":1,"1":1,"2":1,"3":1,"4":0,"5":0},"f":{"0":1,"1":0},"b":{"0":[0]},"_coverageSchema":"1a1c01bbd47fc00a2c39e90264f33305004495a9","hash":"a94b4545f632179ea43d2da0aec8855b7ab41c98"}
,"/Users/kinga/Documents/GOIT/github/Node/nodejs-project/validators/userSchema.js": {"path":"/Users/kinga/Documents/GOIT/github/Node/nodejs-project/validators/userSchema.js","statementMap":{"0":{"start":{"line":3,"column":19},"end":{"line":13,"column":2}}},"fnMap":{},"branchMap":{},"s":{"0":1},"f":{},"b":{},"_coverageSchema":"1a1c01bbd47fc00a2c39e90264f33305004495a9","hash":"1d61550e161398d6243707948ba9483813493427"}
}
