TN:
SF:controllers/users/loginUser.js
FN:10,(anonymous_0)
FNF:1
FNH:1
FNDA:1,(anonymous_0)
DA:10,1
DA:11,1
DA:12,1
DA:13,1
DA:14,0
DA:17,1
DA:18,1
DA:19,1
DA:20,0
DA:22,1
DA:24,1
DA:25,0
DA:28,1
DA:32,1
DA:34,1
DA:43,0
LF:16
LH:12
BRDA:13,0,0,0
BRDA:13,0,1,1
BRDA:19,1,0,0
BRDA:19,1,1,1
BRDA:24,2,0,0
BRDA:24,2,1,1
BRF:6
BRH:3
end_of_record
TN:
SF:controllers/users/registerUser.js
FN:6,(anonymous_0)
FNF:1
FNH:1
FNDA:2,(anonymous_0)
DA:6,1
DA:7,2
DA:8,2
DA:10,2
DA:12,2
DA:13,1
DA:16,1
DA:17,1
DA:25,0
LF:9
LH:8
BRDA:12,0,0,1
BRDA:12,0,1,1
BRF:2
BRH:2
end_of_record
TN:
SF:middlewares/errorHandler.js
FN:2,(anonymous_0)
FN:9,(anonymous_1)
FNF:2
FNH:0
FNDA:0,(anonymous_0)
FNDA:0,(anonymous_1)
DA:3,0
DA:4,0
DA:5,0
DA:9,1
DA:11,0
DA:12,0
LF:6
LH:1
BRDA:11,0,0,0
BRF:1
BRH:0
end_of_record
TN:
SF:validators/userSchema.js
FNF:0
FNH:0
DA:3,1
LF:1
LH:1
BRF:0
BRH:0
end_of_record
