TN:
SF:controllers/users/loginUser.js
FN:10,(anonymous_0)
FNF:1
FNH:1
FNDA:3,(anonymous_0)
DA:10,1
DA:11,3
DA:12,3
DA:13,3
DA:14,0
DA:17,3
DA:18,3
DA:19,2
DA:20,1
DA:22,1
DA:24,1
DA:25,0
DA:28,1
DA:32,1
DA:34,1
DA:43,2
LF:16
LH:14
BRDA:13,0,0,0
BRDA:13,0,1,3
BRDA:19,1,0,1
BRDA:19,1,1,1
BRDA:24,2,0,0
BRDA:24,2,1,1
BRF:6
BRH:4
end_of_record
TN:
SF:controllers/users/registerUser.js
FN:6,(anonymous_0)
FNF:1
FNH:1
FNDA:3,(anonymous_0)
DA:6,1
DA:7,3
DA:8,3
DA:10,3
DA:12,2
DA:13,1
DA:16,1
DA:17,1
DA:25,1
LF:9
LH:9
BRDA:12,0,0,1
BRDA:12,0,1,1
BRF:2
BRH:2
end_of_record
TN:
SF:middlewares/errorHandler.js
FN:2,(anonymous_0)
FN:9,(anonymous_1)
FNF:2
FNH:1
FNDA:1,(anonymous_0)
FNDA:0,(anonymous_1)
DA:3,1
DA:4,1
DA:5,1
DA:9,1
DA:11,0
DA:12,0
LF:6
LH:4
BRDA:11,0,0,0
BRF:1
BRH:0
end_of_record
TN:
SF:validators/userSchema.js
FNF:0
FNH:0
DA:3,1
LF:1
LH:1
BRF:0
BRH:0
end_of_record
